<?xml version="1.0" encoding="UTF-8"?>
<testsuite name="com.twu.menu.LendItemMenuTest" tests="2" skipped="0" failures="0" errors="0" timestamp="2016-04-15T18:19:09" hostname="LAaalmeida" time="0.006">
  <properties/>
  <testcase name="shouldCallLendItemMethod" classname="com.twu.menu.LendItemMenuTest" time="0.005"/>
  <testcase name="shouldTestIfPrintIsCalled" classname="com.twu.menu.LendItemMenuTest" time="0.001"/>
  <system-out><![CDATA[]]></system-out>
  <system-err><![CDATA[]]></system-err>
</testsuite>
