<?xml version="1.0" encoding="UTF-8"?>
<testsuite name="com.twu.menu.LendItemMenuTest" tests="1" skipped="0" failures="0" errors="0" timestamp="2016-04-15T14:04:01" hostname="LAaalmeida" time="0.004">
  <properties/>
  <testcase name="shouldTestIfPrintIsCalled" classname="com.twu.menu.LendItemMenuTest" time="0.004"/>
  <system-out><![CDATA[]]></system-out>
  <system-err><![CDATA[]]></system-err>
</testsuite>
