<?xml version="1.0" encoding="UTF-8"?>
<testsuite name="com.twu.menu.ItemsToReturnMenuTest" tests="1" skipped="0" failures="0" errors="0" timestamp="2016-04-15T19:17:10" hostname="LAaalmeida" time="0.001">
  <properties/>
  <testcase name="shouldExecutePrintMethod" classname="com.twu.menu.ItemsToReturnMenuTest" time="0.001"/>
  <system-out><![CDATA[]]></system-out>
  <system-err><![CDATA[]]></system-err>
</testsuite>
