<?xml version="1.0" encoding="UTF-8"?>
<testsuite name="com.twu.types.library.ItemLibraryTest" tests="6" skipped="0" failures="0" errors="0" timestamp="2016-04-15T18:19:10" hostname="LAaalmeida" time="0.004">
  <properties/>
  <testcase name="shouldModifyItemStatusAsNotAvailable" classname="com.twu.types.library.ItemLibraryTest" time="0.0"/>
  <testcase name="shouldReturnItemName" classname="com.twu.types.library.ItemLibraryTest" time="0.0"/>
  <testcase name="shouldSetItemAsNotAvailable" classname="com.twu.types.library.ItemLibraryTest" time="0.0"/>
  <testcase name="shouldReturnTrueWhenItemAsAvailable" classname="com.twu.types.library.ItemLibraryTest" time="0.0"/>
  <testcase name="shouldModifyItemStatusAsAvailable" classname="com.twu.types.library.ItemLibraryTest" time="0.0"/>
  <testcase name="shouldSetItemAsAvailable" classname="com.twu.types.library.ItemLibraryTest" time="0.0"/>
  <system-out><![CDATA[]]></system-out>
  <system-err><![CDATA[]]></system-err>
</testsuite>
