<?xml version="1.0" encoding="UTF-8"?>
<testsuite name="com.twu.types.AuthorNameTest" tests="1" skipped="0" failures="0" errors="0" timestamp="2016-04-15T18:19:10" hostname="LAaalmeida" time="0.0">
  <properties/>
  <testcase name="shouldReturnAutorName" classname="com.twu.types.AuthorNameTest" time="0.0"/>
  <system-out><![CDATA[]]></system-out>
  <system-err><![CDATA[]]></system-err>
</testsuite>
