<?xml version="1.0" encoding="UTF-8"?>
<testsuite name="com.twu.menu.LendItemMenuTest" tests="2" skipped="0" failures="0" errors="0" timestamp="2016-04-15T19:17:10" hostname="LAaalmeida" time="0.005">
  <properties/>
  <testcase name="shouldCallLendItemMethod" classname="com.twu.menu.LendItemMenuTest" time="0.003"/>
  <testcase name="shouldTestIfPrintIsCalled" classname="com.twu.menu.LendItemMenuTest" time="0.002"/>
  <system-out><![CDATA[]]></system-out>
  <system-err><![CDATA[]]></system-err>
</testsuite>
