<?xml version="1.0" encoding="UTF-8"?>
<testsuite name="com.twu.book.BookTest" tests="3" skipped="0" failures="0" errors="0" timestamp="2016-04-15T18:19:09" hostname="LAaalmeida" time="0.008">
  <properties/>
  <testcase name="shouldReturnBookName" classname="com.twu.book.BookTest" time="0.007"/>
  <testcase name="shouldReturnAuthorName" classname="com.twu.book.BookTest" time="0.001"/>
  <testcase name="shouldReturnPublicationYear" classname="com.twu.book.BookTest" time="0.0"/>
  <system-out><![CDATA[]]></system-out>
  <system-err><![CDATA[]]></system-err>
</testsuite>
