<?xml version="1.0" encoding="UTF-8"?>
<testsuite name="com.twu.menu.ReturnItemMenuTest" tests="2" skipped="0" failures="0" errors="0" timestamp="2016-04-15T14:04:01" hostname="LAaalmeida" time="0.003">
  <properties/>
  <testcase name="shouldCallreturnBorrowedItemMethod" classname="com.twu.menu.ReturnItemMenuTest" time="0.002"/>
  <testcase name="shouldCallPrintListMethod" classname="com.twu.menu.ReturnItemMenuTest" time="0.001"/>
  <system-out><![CDATA[]]></system-out>
  <system-err><![CDATA[]]></system-err>
</testsuite>
