<?xml version="1.0" encoding="UTF-8"?>
<testsuite name="com.twu.menu.MovieListMenuTest" tests="2" skipped="0" failures="0" errors="0" timestamp="2016-04-15T13:19:54" hostname="LAaalmeida" time="0.002">
  <properties/>
  <testcase name="shouldCallPrintMethod" classname="com.twu.menu.MovieListMenuTest" time="0.001"/>
  <testcase name="shouldCallPrintListMethod" classname="com.twu.menu.MovieListMenuTest" time="0.001"/>
  <system-out><![CDATA[]]></system-out>
  <system-err><![CDATA[]]></system-err>
</testsuite>
