<?xml version="1.0" encoding="UTF-8"?>
<testsuite name="com.twu.menu.BookListMenuTest" tests="2" skipped="0" failures="0" errors="0" timestamp="2016-04-15T14:04:01" hostname="LAaalmeida" time="0.013">
  <properties/>
  <testcase name="shouldCallPrintMethod" classname="com.twu.menu.BookListMenuTest" time="0.011"/>
  <testcase name="shouldCallPrintListMethod" classname="com.twu.menu.BookListMenuTest" time="0.001"/>
  <system-out><![CDATA[]]></system-out>
  <system-err><![CDATA[]]></system-err>
</testsuite>
