<?xml version="1.0" encoding="UTF-8"?>
<testsuite name="com.twu.control.LibraryTest" tests="12" skipped="0" failures="0" errors="0" timestamp="2016-04-15T19:17:10" hostname="LAaalmeida" time="0.183">
  <properties/>
  <testcase name="shouldReturnTrueWhenItemTypeIsBook" classname="com.twu.control.LibraryTest" time="0.153"/>
  <testcase name="shouldReturnItemWhenPassedItemName" classname="com.twu.control.LibraryTest" time="0.005"/>
  <testcase name="shouldReturnItemListOfReturn" classname="com.twu.control.LibraryTest" time="0.002"/>
  <testcase name="shouldReturnLibraryBookList" classname="com.twu.control.LibraryTest" time="0.002"/>
  <testcase name="shouldReturnTrueWhenIsUserAuthenticated" classname="com.twu.control.LibraryTest" time="0.008"/>
  <testcase name="shouldReturnNullWhenBookNameIsNotFound" classname="com.twu.control.LibraryTest" time="0.001"/>
  <testcase name="shouldReturnFalseWhenItemTypeIsNotMovie" classname="com.twu.control.LibraryTest" time="0.001"/>
  <testcase name="shouldReturnLibraryMovieList" classname="com.twu.control.LibraryTest" time="0.001"/>
  <testcase name="shouldReturnFalseWhenIsUserIsNotAuthenticated" classname="com.twu.control.LibraryTest" time="0.001"/>
  <testcase name="shouldReturnFalseWhenItemTypeIsNotBook" classname="com.twu.control.LibraryTest" time="0.0"/>
  <testcase name="shouldReturnUserPassedUserName" classname="com.twu.control.LibraryTest" time="0.001"/>
  <testcase name="shouldReturnTrueWhenItemTypeIsMovie" classname="com.twu.control.LibraryTest" time="0.001"/>
  <system-out><![CDATA[]]></system-out>
  <system-err><![CDATA[]]></system-err>
</testsuite>
