<?xml version="1.0" encoding="UTF-8"?>
<testsuite name="com.twu.types.user.UserLoginTest" tests="2" skipped="0" failures="0" errors="0" timestamp="2016-04-15T13:19:54" hostname="LAaalmeida" time="0.0">
  <properties/>
  <testcase name="shouldReturnTrueWhenPassWordPassedIsCorrect" classname="com.twu.types.user.UserLoginTest" time="0.0"/>
  <testcase name="shouldReturnTrueWhenPassWordPassedIsNotCorrect" classname="com.twu.types.user.UserLoginTest" time="0.0"/>
  <system-out><![CDATA[]]></system-out>
  <system-err><![CDATA[]]></system-err>
</testsuite>
